[0421/221300.008:INFO:CONSOLE(0)] "Error with Permissions-Policy header: Feature xr-spatial-tracking's parameters are ignored.", source:  (0)
[0421/221300.008:INFO:CONSOLE(0)] "Error with Permissions-Policy header: Origin trial controlled feature not enabled: 'attribution-reporting'.", source:  (0)
[0421/221300.008:INFO:CONSOLE(0)] "Error with Permissions-Policy header: Unrecognized feature: 'bluetooth'.", source:  (0)
[0421/221300.008:INFO:CONSOLE(0)] "Error with Permissions-Policy header: Unrecognized feature: 'ch-save-data'.", source:  (0)
[0421/221300.008:INFO:CONSOLE(0)] "Error with Permissions-Policy header: Origin trial controlled feature not enabled: 'ch-viewport-height'.", source:  (0)
[0421/221300.008:INFO:CONSOLE(0)] "Error with Permissions-Policy header: Unrecognized feature: 'gamepad'.", source:  (0)
[0421/221300.008:INFO:CONSOLE(0)] "Error with Permissions-Policy header: Unrecognized feature: 'local-fonts'.", source:  (0)
[0421/221300.008:INFO:CONSOLE(0)] "Error with Permissions-Policy header: Unrecognized feature: 'window-management'.", source:  (0)
[0421/221300.021:WARNING:backend_impl.cc(1826)] Destroying invalid entry.
[0421/221300.021:WARNING:backend_impl.cc(1826)] Destroying invalid entry.
[0421/221300.021:WARNING:backend_impl.cc(1826)] Destroying invalid entry.
[0421/221300.022:WARNING:backend_impl.cc(1826)] Destroying invalid entry.
[0421/221300.022:WARNING:backend_impl.cc(1826)] Destroying invalid entry.
[0421/221300.023:WARNING:backend_impl.cc(1826)] Destroying invalid entry.
[0421/221300.023:WARNING:backend_impl.cc(1826)] Destroying invalid entry.
[0421/221300.023:WARNING:backend_impl.cc(1826)] Destroying invalid entry.
[0421/221300.023:WARNING:backend_impl.cc(1826)] Destroying invalid entry.
[0421/221300.023:WARNING:backend_impl.cc(1826)] Destroying invalid entry.
[0421/221300.024:WARNING:backend_impl.cc(1826)] Destroying invalid entry.
[0421/221300.024:WARNING:backend_impl.cc(1826)] Destroying invalid entry.
[0421/221304.933:INFO:CONSOLE(137)] "Event handler of 'x-storagemutated-1' event must be added on the initial evaluation of worker script.", source: https://static.whatsapp.net/rsrc.php/v3/yd/r/_ZOD4LRHYNQ.js?_nc_x=Ij3Wp8lg5Kz (137)
[0421/221331.032:INFO:CONSOLE(0)] "Error with Permissions-Policy header: Feature xr-spatial-tracking's parameters are ignored.", source:  (0)
[0421/221331.032:INFO:CONSOLE(0)] "Error with Permissions-Policy header: Origin trial controlled feature not enabled: 'attribution-reporting'.", source:  (0)
[0421/221331.032:INFO:CONSOLE(0)] "Error with Permissions-Policy header: Unrecognized feature: 'bluetooth'.", source:  (0)
[0421/221331.033:INFO:CONSOLE(0)] "Error with Permissions-Policy header: Unrecognized feature: 'ch-save-data'.", source:  (0)
[0421/221331.033:INFO:CONSOLE(0)] "Error with Permissions-Policy header: Origin trial controlled feature not enabled: 'ch-viewport-height'.", source:  (0)
[0421/221331.033:INFO:CONSOLE(0)] "Error with Permissions-Policy header: Unrecognized feature: 'gamepad'.", source:  (0)
[0421/221331.033:INFO:CONSOLE(0)] "Error with Permissions-Policy header: Unrecognized feature: 'local-fonts'.", source:  (0)
[0421/221331.033:INFO:CONSOLE(0)] "Error with Permissions-Policy header: Unrecognized feature: 'window-management'.", source:  (0)
[0421/221333.987:INFO:CONSOLE(137)] "Event handler of 'x-storagemutated-1' event must be added on the initial evaluation of worker script.", source: https://static.whatsapp.net/rsrc.php/v3/yd/r/_ZOD4LRHYNQ.js?_nc_x=Ij3Wp8lg5Kz (137)
[0421/221334.065:INFO:CONSOLE(137)] "Event handler of 'x-storagemutated-1' event must be added on the initial evaluation of worker script.", source: https://static.whatsapp.net/rsrc.php/v3/yd/r/_ZOD4LRHYNQ.js?_nc_x=Ij3Wp8lg5Kz (137)
[0421/221336.691:INFO:CONSOLE(137)] "Event handler of 'x-storagemutated-1' event must be added on the initial evaluation of worker script.", source: https://static.whatsapp.net/rsrc.php/v3/yd/r/_ZOD4LRHYNQ.js?_nc_x=Ij3Wp8lg5Kz (137)
